# JRE version: OpenJDK Runtime Environment (8.0_242-b08) (build 1.8.0_242-b08)
# Java VM: OpenJDK 64-Bit Server VM (25.242-b08 mixed mode bsd-amd64 compressed oops)
Heap:
 PSYoungGen      total 611328K, used 252543K [0x00000006eab00000, 0x0000000719700000, 0x00000007c0000000)
  eden space 568832K, 39% used [0x00000006eab00000,0x00000006f847a5d8,0x000000070d680000)
  from space 42496K, 70% used [0x0000000710000000,0x0000000711d25660,0x0000000712980000)
  to   space 42496K, 0% used [0x000000070d680000,0x000000070d680000,0x0000000710000000)
 ParOldGen       total 175104K, used 64499K [0x0000000540000000, 0x000000054ab00000, 0x00000006eab00000)
  object space 175104K, 36% used [0x0000000540000000,0x0000000543efcf40,0x000000054ab00000)
 Metaspace       used 34683K, capacity 35028K, committed 35456K, reserved 1079296K
  class space    used 4582K, capacity 4721K, committed 4736K, reserved 1048576K
GC Heap History (10 events):
Event: 4.811 GC heap before
{Heap before GC invocations=7 (full 0):
 PSYoungGen      total 303104K, used 95204K [0x00000006eab00000, 0x00000006ffd00000, 0x00000007c0000000)
  eden space 262144K, 25% used [0x00000006eab00000,0x00000006eecc3ce8,0x00000006fab00000)
  from space 40960K, 68% used [0x00000006fd500000,0x00000006ff035420,0x00000006ffd00000)
  to   space 41984K, 0% used [0x00000006fab00000,0x00000006fab00000,0x00000006fd400000)
 ParOldGen       total 175104K, used 66070K [0x0000000540000000, 0x000000054ab00000, 0x00000006eab00000)
  object space 175104K, 37% used [0x0000000540000000,0x0000000544085988,0x000000054ab00000)
 Metaspace       used 20715K, capacity 21018K, committed 21296K, reserved 1069056K
  class space    used 2455K, capacity 2596K, committed 2688K, reserved 1048576K
Event: 4.826 GC heap after
Heap after GC invocations=7 (full 0):
 PSYoungGen      total 304128K, used 19222K [0x00000006eab00000, 0x000000070fb00000, 0x00000007c0000000)
  eden space 262144K, 0% used [0x00000006eab00000,0x00000006eab00000,0x00000006fab00000)
  from space 41984K, 45% used [0x00000006fab00000,0x00000006fbdc5968,0x00000006fd400000)
  to   space 40960K, 0% used [0x000000070d300000,0x000000070d300000,0x000000070fb00000)
 ParOldGen       total 175104K, used 70597K [0x0000000540000000, 0x000000054ab00000, 0x00000006eab00000)
  object space 175104K, 40% used [0x0000000540000000,0x00000005444f14d0,0x000000054ab00000)
 Metaspace       used 20715K, capacity 21018K, committed 21296K, reserved 1069056K
  class space    used 2455K, capacity 2596K, committed 2688K, reserved 1048576K
}
Event: 4.826 GC heap before
{Heap before GC invocations=8 (full 1):
 PSYoungGen      total 304128K, used 19222K [0x00000006eab00000, 0x000000070fb00000, 0x00000007c0000000)
  eden space 262144K, 0% used [0x00000006eab00000,0x00000006eab00000,0x00000006fab00000)
  from space 41984K, 45% used [0x00000006fab00000,0x00000006fbdc5968,0x00000006fd400000)
  to   space 40960K, 0% used [0x000000070d300000,0x000000070d300000,0x000000070fb00000)
 ParOldGen       total 175104K, used 70597K [0x0000000540000000, 0x000000054ab00000, 0x00000006eab00000)
  object space 175104K, 40% used [0x0000000540000000,0x00000005444f14d0,0x000000054ab00000)
 Metaspace       used 20715K, capacity 21018K, committed 21296K, reserved 1069056K
  class space    used 2455K, capacity 2596K, committed 2688K, reserved 1048576K
Event: 4.929 GC heap after
Heap after GC invocations=8 (full 1):
 PSYoungGen      total 304128K, used 0K [0x00000006eab00000, 0x000000070fb00000, 0x00000007c0000000)
  eden space 262144K, 0% used [0x00000006eab00000,0x00000006eab00000,0x00000006fab00000)
  from space 41984K, 0% used [0x00000006fab00000,0x00000006fab00000,0x00000006fd400000)
  to   space 40960K, 0% used [0x000000070d300000,0x000000070d300000,0x000000070fb00000)
 ParOldGen       total 175104K, used 47203K [0x0000000540000000, 0x000000054ab00000, 0x00000006eab00000)
  object space 175104K, 26% used [0x0000000540000000,0x0000000542e18c38,0x000000054ab00000)
 Metaspace       used 20715K, capacity 21018K, committed 21296K, reserved 1069056K
  class space    used 2455K, capacity 2596K, committed 2688K, reserved 1048576K
}
Event: 6.132 GC heap before
{Heap before GC invocations=9 (full 1):
 PSYoungGen      total 304128K, used 262144K [0x00000006eab00000, 0x000000070fb00000, 0x00000007c0000000)
  eden space 262144K, 100% used [0x00000006eab00000,0x00000006fab00000,0x00000006fab00000)
  from space 41984K, 0% used [0x00000006fab00000,0x00000006fab00000,0x00000006fd400000)
  to   space 40960K, 0% used [0x000000070d300000,0x000000070d300000,0x000000070fb00000)
 ParOldGen       total 175104K, used 47203K [0x0000000540000000, 0x000000054ab00000, 0x00000006eab00000)
  object space 175104K, 26% used [0x0000000540000000,0x0000000542e18c38,0x000000054ab00000)
 Metaspace       used 23645K, capacity 23954K, committed 24192K, reserved 1071104K
  class space    used 2765K, capacity 2886K, committed 2944K, reserved 1048576K
Event: 6.150 GC heap after
Heap after GC invocations=9 (full 1):
 PSYoungGen      total 441856K, used 20363K [0x00000006eab00000, 0x000000070e700000, 0x00000007c0000000)
  eden space 421376K, 0% used [0x00000006eab00000,0x00000006eab00000,0x0000000704680000)
  from space 20480K, 99% used [0x000000070d300000,0x000000070e6e2ea8,0x000000070e700000)
  to   space 39424K, 0% used [0x0000000709a00000,0x0000000709a00000,0x000000070c080000)
 ParOldGen       total 175104K, used 47211K [0x0000000540000000, 0x000000054ab00000, 0x00000006eab00000)
  object space 175104K, 26% used [0x0000000540000000,0x0000000542e1ac38,0x000000054ab00000)
 Metaspace       used 23645K, capacity 23954K, committed 24192K, reserved 1071104K
  class space    used 2765K, capacity 2886K, committed 2944K, reserved 1048576K
}
Event: 7.444 GC heap before
{Heap before GC invocations=10 (full 1):
 PSYoungGen      total 441856K, used 441739K [0x00000006eab00000, 0x000000070e700000, 0x00000007c0000000)
  eden space 421376K, 100% used [0x00000006eab00000,0x0000000704680000,0x0000000704680000)
  from space 20480K, 99% used [0x000000070d300000,0x000000070e6e2ea8,0x000000070e700000)
  to   space 39424K, 0% used [0x0000000709a00000,0x0000000709a00000,0x000000070c080000)
 ParOldGen       total 175104K, used 47211K [0x0000000540000000, 0x000000054ab00000, 0x00000006eab00000)
  object space 175104K, 26% used [0x0000000540000000,0x0000000542e1ac38,0x000000054ab00000)
 Metaspace       used 27561K, capacity 27792K, committed 28032K, reserved 1073152K
  class space    used 3359K, capacity 3439K, committed 3456K, reserved 1048576K
Event: 7.470 GC heap after
Heap after GC invocations=10 (full 1):
 PSYoungGen      total 546304K, used 34942K [0x00000006eab00000, 0x0000000712980000, 0x00000007c0000000)
  eden space 506880K, 0% used [0x00000006eab00000,0x00000006eab00000,0x0000000709a00000)
  from space 39424K, 88% used [0x0000000709a00000,0x000000070bc1f910,0x000000070c080000)
  to   space 42496K, 0% used [0x0000000710000000,0x0000000710000000,0x0000000712980000)
 ParOldGen       total 175104K, used 47219K [0x0000000540000000, 0x000000054ab00000, 0x00000006eab00000)
  object space 175104K, 26% used [0x0000000540000000,0x0000000542e1cc38,0x000000054ab00000)
 Metaspace       used 27561K, capacity 27792K, committed 28032K, reserved 1073152K
  class space    used 3359K, capacity 3439K, committed 3456K, reserved 1048576K
}
Event: 8.567 GC heap before
{Heap before GC invocations=11 (full 1):
 PSYoungGen      total 546304K, used 541822K [0x00000006eab00000, 0x0000000712980000, 0x00000007c0000000)
  eden space 506880K, 100% used [0x00000006eab00000,0x0000000709a00000,0x0000000709a00000)
  from space 39424K, 88% used [0x0000000709a00000,0x000000070bc1f910,0x000000070c080000)
  to   space 42496K, 0% used [0x0000000710000000,0x0000000710000000,0x0000000712980000)
 ParOldGen       total 175104K, used 47219K [0x0000000540000000, 0x000000054ab00000, 0x00000006eab00000)
  object space 175104K, 26% used [0x0000000540000000,0x0000000542e1cc38,0x000000054ab00000)
 Metaspace       used 32097K, capacity 32404K, committed 32896K, reserved 1077248K
  class space    used 4286K, capacity 4399K, committed 4480K, reserved 1048576K
Event: 8.595 GC heap after
Heap after GC invocations=11 (full 1):
 PSYoungGen      total 611328K, used 29845K [0x00000006eab00000, 0x0000000719700000, 0x00000007c0000000)
  eden space 568832K, 0% used [0x00000006eab00000,0x00000006eab00000,0x000000070d680000)
  from space 42496K, 70% used [0x0000000710000000,0x0000000711d25660,0x0000000712980000)
  to   space 42496K, 0% used [0x000000070d680000,0x000000070d680000,0x0000000710000000)
 ParOldGen       total 175104K, used 64499K [0x0000000540000000, 0x000000054ab00000, 0x00000006eab00000)
  object space 175104K, 36% used [0x0000000540000000,0x0000000543efcf40,0x000000054ab00000)
 Metaspace       used 32097K, capacity 32404K, committed 32896K, reserved 1077248K
  class space    used 4286K, capacity 4399K, committed 4480K, reserved 1048576K
}

