# JRE version: OpenJDK Runtime Environment (8.0_242-b08) (build 1.8.0_242-b08)
# Java VM: OpenJDK 64-Bit Server VM (25.242-b08 mixed mode bsd-amd64 compressed oops)
Heap:
 PSYoungGen      total 694272K, used 185327K [0x00000006eab00000, 0x000000071c000000, 0x00000007c0000000)
  eden space 650240K, 23% used [0x00000006eab00000,0x00000006f3fa6d58,0x0000000712600000)
  from space 44032K, 75% used [0x0000000715200000,0x0000000717255260,0x0000000717d00000)
  to   space 45056K, 0% used [0x0000000712600000,0x0000000712600000,0x0000000715200000)
 ParOldGen       total 175104K, used 64559K [0x0000000540000000, 0x000000054ab00000, 0x00000006eab00000)
  object space 175104K, 36% used [0x0000000540000000,0x0000000543f0bfb8,0x000000054ab00000)
 Metaspace       used 34673K, capacity 35028K, committed 35456K, reserved 1079296K
  class space    used 4582K, capacity 4721K, committed 4736K, reserved 1048576K
GC Heap History (10 events):
Event: 4.987 GC heap before
{Heap before GC invocations=7 (full 0):
 PSYoungGen      total 303104K, used 94960K [0x00000006eab00000, 0x00000006ffe00000, 0x00000007c0000000)
  eden space 262144K, 25% used [0x00000006eab00000,0x00000006eed28a78,0x00000006fab00000)
  from space 40960K, 66% used [0x00000006fd600000,0x00000006ff093840,0x00000006ffe00000)
  to   space 42496K, 0% used [0x00000006fab00000,0x00000006fab00000,0x00000006fd480000)
 ParOldGen       total 175104K, used 68508K [0x0000000540000000, 0x000000054ab00000, 0x00000006eab00000)
  object space 175104K, 39% used [0x0000000540000000,0x00000005442e73f0,0x000000054ab00000)
 Metaspace       used 20693K, capacity 21018K, committed 21296K, reserved 1069056K
  class space    used 2453K, capacity 2596K, committed 2688K, reserved 1048576K
Event: 5.010 GC heap after
Heap after GC invocations=7 (full 0):
 PSYoungGen      total 304640K, used 18215K [0x00000006eab00000, 0x000000070fc00000, 0x00000007c0000000)
  eden space 262144K, 0% used [0x00000006eab00000,0x00000006eab00000,0x00000006fab00000)
  from space 42496K, 42% used [0x00000006fab00000,0x00000006fbcc9db8,0x00000006fd480000)
  to   space 41472K, 0% used [0x000000070d380000,0x000000070d380000,0x000000070fc00000)
 ParOldGen       total 175104K, used 73452K [0x0000000540000000, 0x000000054ab00000, 0x00000006eab00000)
  object space 175104K, 41% used [0x0000000540000000,0x00000005447bb090,0x000000054ab00000)
 Metaspace       used 20693K, capacity 21018K, committed 21296K, reserved 1069056K
  class space    used 2453K, capacity 2596K, committed 2688K, reserved 1048576K
}
Event: 5.010 GC heap before
{Heap before GC invocations=8 (full 1):
 PSYoungGen      total 304640K, used 18215K [0x00000006eab00000, 0x000000070fc00000, 0x00000007c0000000)
  eden space 262144K, 0% used [0x00000006eab00000,0x00000006eab00000,0x00000006fab00000)
  from space 42496K, 42% used [0x00000006fab00000,0x00000006fbcc9db8,0x00000006fd480000)
  to   space 41472K, 0% used [0x000000070d380000,0x000000070d380000,0x000000070fc00000)
 ParOldGen       total 175104K, used 73452K [0x0000000540000000, 0x000000054ab00000, 0x00000006eab00000)
  object space 175104K, 41% used [0x0000000540000000,0x00000005447bb090,0x000000054ab00000)
 Metaspace       used 20693K, capacity 21018K, committed 21296K, reserved 1069056K
  class space    used 2453K, capacity 2596K, committed 2688K, reserved 1048576K
Event: 5.083 GC heap after
Heap after GC invocations=8 (full 1):
 PSYoungGen      total 304640K, used 0K [0x00000006eab00000, 0x000000070fc00000, 0x00000007c0000000)
  eden space 262144K, 0% used [0x00000006eab00000,0x00000006eab00000,0x00000006fab00000)
  from space 42496K, 0% used [0x00000006fab00000,0x00000006fab00000,0x00000006fd480000)
  to   space 41472K, 0% used [0x000000070d380000,0x000000070d380000,0x000000070fc00000)
 ParOldGen       total 175104K, used 47287K [0x0000000540000000, 0x000000054ab00000, 0x00000006eab00000)
  object space 175104K, 27% used [0x0000000540000000,0x0000000542e2dc80,0x000000054ab00000)
 Metaspace       used 20693K, capacity 21018K, committed 21296K, reserved 1069056K
  class space    used 2453K, capacity 2596K, committed 2688K, reserved 1048576K
}
Event: 6.175 GC heap before
{Heap before GC invocations=9 (full 1):
 PSYoungGen      total 304640K, used 262144K [0x00000006eab00000, 0x000000070fc00000, 0x00000007c0000000)
  eden space 262144K, 100% used [0x00000006eab00000,0x00000006fab00000,0x00000006fab00000)
  from space 42496K, 0% used [0x00000006fab00000,0x00000006fab00000,0x00000006fd480000)
  to   space 41472K, 0% used [0x000000070d380000,0x000000070d380000,0x000000070fc00000)
 ParOldGen       total 175104K, used 47287K [0x0000000540000000, 0x000000054ab00000, 0x00000006eab00000)
  object space 175104K, 27% used [0x0000000540000000,0x0000000542e2dc80,0x000000054ab00000)
 Metaspace       used 23660K, capacity 23954K, committed 24192K, reserved 1071104K
  class space    used 2766K, capacity 2886K, committed 2944K, reserved 1048576K
Event: 6.195 GC heap after
Heap after GC invocations=9 (full 1):
 PSYoungGen      total 477184K, used 20461K [0x00000006eab00000, 0x000000070e780000, 0x00000007c0000000)
  eden space 456704K, 0% used [0x00000006eab00000,0x00000006eab00000,0x0000000706900000)
  from space 20480K, 99% used [0x000000070d380000,0x000000070e77b538,0x000000070e780000)
  to   space 39936K, 0% used [0x0000000709980000,0x0000000709980000,0x000000070c080000)
 ParOldGen       total 175104K, used 47295K [0x0000000540000000, 0x000000054ab00000, 0x00000006eab00000)
  object space 175104K, 27% used [0x0000000540000000,0x0000000542e2fc80,0x000000054ab00000)
 Metaspace       used 23660K, capacity 23954K, committed 24192K, reserved 1071104K
  class space    used 2766K, capacity 2886K, committed 2944K, reserved 1048576K
}
Event: 7.833 GC heap before
{Heap before GC invocations=10 (full 1):
 PSYoungGen      total 477184K, used 477165K [0x00000006eab00000, 0x000000070e780000, 0x00000007c0000000)
  eden space 456704K, 100% used [0x00000006eab00000,0x0000000706900000,0x0000000706900000)
  from space 20480K, 99% used [0x000000070d380000,0x000000070e77b538,0x000000070e780000)
  to   space 39936K, 0% used [0x0000000709980000,0x0000000709980000,0x000000070c080000)
 ParOldGen       total 175104K, used 47295K [0x0000000540000000, 0x000000054ab00000, 0x00000006eab00000)
  object space 175104K, 27% used [0x0000000540000000,0x0000000542e2fc80,0x000000054ab00000)
 Metaspace       used 27867K, capacity 28116K, committed 28416K, reserved 1075200K
  class space    used 3422K, capacity 3503K, committed 3584K, reserved 1048576K
Event: 7.861 GC heap after
Heap after GC invocations=10 (full 1):
 PSYoungGen      total 546304K, used 37158K [0x00000006eab00000, 0x0000000717d00000, 0x00000007c0000000)
  eden space 506368K, 0% used [0x00000006eab00000,0x00000006eab00000,0x0000000709980000)
  from space 39936K, 93% used [0x0000000709980000,0x000000070bdc99c8,0x000000070c080000)
  to   space 44032K, 0% used [0x0000000715200000,0x0000000715200000,0x0000000717d00000)
 ParOldGen       total 175104K, used 47303K [0x0000000540000000, 0x000000054ab00000, 0x00000006eab00000)
  object space 175104K, 27% used [0x0000000540000000,0x0000000542e31c80,0x000000054ab00000)
 Metaspace       used 27867K, capacity 28116K, committed 28416K, reserved 1075200K
  class space    used 3422K, capacity 3503K, committed 3584K, reserved 1048576K
}
Event: 8.952 GC heap before
{Heap before GC invocations=11 (full 1):
 PSYoungGen      total 546304K, used 543526K [0x00000006eab00000, 0x0000000717d00000, 0x00000007c0000000)
  eden space 506368K, 100% used [0x00000006eab00000,0x0000000709980000,0x0000000709980000)
  from space 39936K, 93% used [0x0000000709980000,0x000000070bdc99c8,0x000000070c080000)
  to   space 44032K, 0% used [0x0000000715200000,0x0000000715200000,0x0000000717d00000)
 ParOldGen       total 175104K, used 47303K [0x0000000540000000, 0x000000054ab00000, 0x00000006eab00000)
  object space 175104K, 27% used [0x0000000540000000,0x0000000542e31c80,0x000000054ab00000)
 Metaspace       used 32878K, capacity 33288K, committed 33792K, reserved 1079296K
  class space    used 4378K, capacity 4543K, committed 4608K, reserved 1048576K
Event: 8.981 GC heap after
Heap after GC invocations=11 (full 1):
 PSYoungGen      total 694272K, used 33108K [0x00000006eab00000, 0x000000071c000000, 0x00000007c0000000)
  eden space 650240K, 0% used [0x00000006eab00000,0x00000006eab00000,0x0000000712600000)
  from space 44032K, 75% used [0x0000000715200000,0x0000000717255260,0x0000000717d00000)
  to   space 45056K, 0% used [0x0000000712600000,0x0000000712600000,0x0000000715200000)
 ParOldGen       total 175104K, used 64559K [0x0000000540000000, 0x000000054ab00000, 0x00000006eab00000)
  object space 175104K, 36% used [0x0000000540000000,0x0000000543f0bfb8,0x000000054ab00000)
 Metaspace       used 32878K, capacity 33288K, committed 33792K, reserved 1079296K
  class space    used 4378K, capacity 4543K, committed 4608K, reserved 1048576K
}

